Build started 3/12/2015 2:48:07 PM.
     1>Project "C:\Users\Krull\Documents\GitHub\screenshot-util\solution\screenshot-util\screenshot-util.vcxproj" on node 2 (Build target(s)).
     1>ClCompile:
         C:\Program Files\Microsoft Visual Studio 12.0\VC\bin\CL.exe /c /I"C:\Program Files\Visual Leak Detector\include" /Zi /nologo /W3 /WX- /sdl /O2 /Oi /Oy- /GL /D WIN32 /D NDEBUG /D _WINDOWS /D _UNICODE /D UNICODE /Gm- /EHsc /MD /GS /Gy /fp:precise /Zc:wchar_t /Zc:forScope /Fo"Release\\" /Fd"Release\vc120.pdb" /Gd /TP /analyze- /errorReport:prompt ..\..\src\main.cpp ..\..\src\util.cpp
         main.cpp
     1>..\..\src\main.cpp(29): warning C4018: '<' : signed/unsigned mismatch
     1>..\..\src\main.cpp(32): warning C4018: '<' : signed/unsigned mismatch
     1>..\..\src\main.cpp(48): warning C4018: '<' : signed/unsigned mismatch
     1>..\..\src\main.cpp(57): warning C4018: '<' : signed/unsigned mismatch
     1>..\..\src\main.cpp(62): warning C4018: '<' : signed/unsigned mismatch
     1>..\..\src\main.cpp(68): warning C4018: '<' : signed/unsigned mismatch
         util.cpp
       Link:
         C:\Program Files\Microsoft Visual Studio 12.0\VC\bin\link.exe /ERRORREPORT:PROMPT /OUT:"C:\Users\Krull\Documents\GitHub\screenshot-util\solution\Release\screenshot-util.exe" /INCREMENTAL:NO /NOLOGO /LIBPATH:"C:\Program Files\Visual Leak Detector\lib\Win32" kernel32.lib user32.lib gdi32.lib winspool.lib comdlg32.lib advapi32.lib shell32.lib ole32.lib oleaut32.lib uuid.lib odbc32.lib odbccp32.lib /MANIFEST /MANIFESTUAC:"level='asInvoker' uiAccess='false'" /manifest:embed /DEBUG /PDB:"C:\Users\Krull\Documents\GitHub\screenshot-util\solution\Release\screenshot-util.pdb" /SUBSYSTEM:WINDOWS /OPT:REF /OPT:ICF /LTCG /TLBID:1 /DYNAMICBASE /NXCOMPAT /IMPLIB:"C:\Users\Krull\Documents\GitHub\screenshot-util\solution\Release\screenshot-util.lib" /MACHINE:X86 /SAFESEH Release\main.obj
         Release\util.obj
         Generating code
         Finished generating code
         screenshot-util.vcxproj -> C:\Users\Krull\Documents\GitHub\screenshot-util\solution\Release\screenshot-util.exe
     1>Done Building Project "C:\Users\Krull\Documents\GitHub\screenshot-util\solution\screenshot-util\screenshot-util.vcxproj" (Build target(s)).

Build succeeded.

Time Elapsed 00:00:07.36
